<?xml version="1.0" encoding="UTF-8"?><testsuite failures="1" name="cucumber.runtime.formatter.JUnitFormatter" skipped="0" tests="1" time="21.797749">
<testcase classname="TU Get In Touch Registration and Login" name="TU Get In Touch Registration" time="21.797749">
<failure message="java.lang.NullPointerException&#13;&#10;&#9;at StepDefinition.GetInTouchDefinition.close_agreepopup(GetInTouchDefinition.java:53)&#13;&#10;&#9;at ✽.Then close agreepopup(src/test/java/Features/GetInTouch.feature:5)&#13;&#10;"><![CDATA[Given User Navigate to any profile..........................................passed
Then close agreepopup.......................................................failed
Then Click on getintouch CTA button as logged out...........................skipped
Then user enter Firstname "amir"............................................skipped
Then user enter Lastname "automation".......................................skipped
Then user enter "getintouch105@gmail.com" and "pak123"......................skipped
Then user check the QS Leap checkbox as yes.................................skipped
Then user check the third party checkbox as yes.............................skipped
Then user press JoinUs button...............................................skipped
Then select study level as Bachelor.........................................skipped
Then select subjects from dropdown..........................................skipped
Then select study destinations..............................................skipped
Then change country of residence............................................skipped
Then enter phone number.....................................................skipped
Then press Get In Touch CTA button..........................................skipped
And close the browser.......................................................skipped

StackTrace:
java.lang.NullPointerException
	at StepDefinition.GetInTouchDefinition.close_agreepopup(GetInTouchDefinition.java:53)
	at ✽.Then close agreepopup(src/test/java/Features/GetInTouch.feature:5)
]]></failure>
</testcase>
</testsuite>
