<?xml version="1.0" encoding="UTF-8"?><testsuite failures="0" name="cucumber.runtime.formatter.JUnitFormatter" skipped="0" tests="2" time="176.90572">
<testcase classname="TU Get In Touch Registration" name="TU Get In Touch Registration" time="87.734652">
<system-out><![CDATA[Given User Navigate to any profile..........................................passed
Then close agreepopup.......................................................passed
Then Click on getintouch CTA button as logged out...........................passed
Then user enter Firstname "amir"............................................passed
Then user enter Lastname "automation".......................................passed
Then user enter "getintouchsmoke991@gmail.com" and "pak123".................passed
Then user check the QS Leap checkbox as yes.................................passed
Then user check the third party checkbox as yes.............................passed
And user press JoinUs button................................................passed
And close LG form...........................................................passed
And close the browser.......................................................passed
]]></system-out>
</testcase>
<testcase classname="TU Get In Touch Registration" name="TU Get In Touch Registration 2" time="89.171068">
<system-out><![CDATA[Given User Navigate to any profile..........................................passed
Then close agreepopup.......................................................passed
Then Click on getintouch CTA button as logged out...........................passed
Then user enter Firstname "amir"............................................passed
Then user enter Lastname "automation".......................................passed
Then user enter "getintouchsmoke992@gmail.com" and "pak123".................passed
Then user check the QS Leap checkbox as yes.................................passed
Then user check the third party checkbox as yes.............................passed
And user press JoinUs button................................................passed
And close LG form...........................................................passed
And close the browser.......................................................passed
]]></system-out>
</testcase>
</testsuite>
