<?xml version="1.0" encoding="UTF-8"?><testsuite failures="0" name="cucumber.runtime.formatter.JUnitFormatter" skipped="0" tests="10" time="734.678699">
<testcase classname="TU Get In Touch Registration" name="TU Get In Touch Registration" time="73.720096">
<system-out><![CDATA[Given User Navigate to any profile..........................................passed
Then close agreepopup.......................................................passed
Then Click on getintouch CTA button as logged out...........................passed
Then user enter Firstname "amir"............................................passed
Then user enter Lastname "automation".......................................passed
Then user enter "getintouchsmoke11@gmail.com" and "pak123"..................passed
Then user check the QS Leap checkbox as yes.................................passed
Then user check the third party checkbox as yes.............................passed
And user press JoinUs button................................................passed
And close LG form...........................................................passed
And close the browser.......................................................passed
]]></system-out>
</testcase>
<testcase classname="TU Get In Touch Registration" name="TU Get In Touch Registration 2" time="88.691732">
<system-out><![CDATA[Given User Navigate to any profile..........................................passed
Then close agreepopup.......................................................passed
Then Click on getintouch CTA button as logged out...........................passed
Then user enter Firstname "amir"............................................passed
Then user enter Lastname "automation".......................................passed
Then user enter "getintouchsmoke12@gmail.com" and "pak123"..................passed
Then user check the QS Leap checkbox as yes.................................passed
Then user check the third party checkbox as yes.............................passed
And user press JoinUs button................................................passed
And close LG form...........................................................passed
And close the browser.......................................................passed
]]></system-out>
</testcase>
<testcase classname="TU Get In Touch Registration" name="TU Get In Touch Registration 3" time="75.534988">
<system-out><![CDATA[Given User Navigate to any profile..........................................passed
Then close agreepopup.......................................................passed
Then Click on getintouch CTA button as logged out...........................passed
Then user enter Firstname "amir"............................................passed
Then user enter Lastname "automation".......................................passed
Then user enter "getintouchsmoke13@gmail.com" and "pak123"..................passed
Then user check the QS Leap checkbox as yes.................................passed
Then user check the third party checkbox as yes.............................passed
And user press JoinUs button................................................passed
And close LG form...........................................................passed
And close the browser.......................................................passed
]]></system-out>
</testcase>
<testcase classname="TU Get In Touch Registration" name="TU Get In Touch Registration 4" time="70.096156">
<system-out><![CDATA[Given User Navigate to any profile..........................................passed
Then close agreepopup.......................................................passed
Then Click on getintouch CTA button as logged out...........................passed
Then user enter Firstname "amir"............................................passed
Then user enter Lastname "automation".......................................passed
Then user enter "getintouchsmoke14@gmail.com" and "pak123"..................passed
Then user check the QS Leap checkbox as yes.................................passed
Then user check the third party checkbox as yes.............................passed
And user press JoinUs button................................................passed
And close LG form...........................................................passed
And close the browser.......................................................passed
]]></system-out>
</testcase>
<testcase classname="TU Get In Touch Registration" name="TU Get In Touch Registration 5" time="72.267245">
<system-out><![CDATA[Given User Navigate to any profile..........................................passed
Then close agreepopup.......................................................passed
Then Click on getintouch CTA button as logged out...........................passed
Then user enter Firstname "amir"............................................passed
Then user enter Lastname "automation".......................................passed
Then user enter "getintouchsmoke15@gmail.com" and "pak123"..................passed
Then user check the QS Leap checkbox as yes.................................passed
Then user check the third party checkbox as yes.............................passed
And user press JoinUs button................................................passed
And close LG form...........................................................passed
And close the browser.......................................................passed
]]></system-out>
</testcase>
<testcase classname="TU Get In Touch Registration" name="TU Get In Touch Registration 6" time="72.145821">
<system-out><![CDATA[Given User Navigate to any profile..........................................passed
Then close agreepopup.......................................................passed
Then Click on getintouch CTA button as logged out...........................passed
Then user enter Firstname "amir"............................................passed
Then user enter Lastname "automation".......................................passed
Then user enter "getintouchsmoke16@gmail.com" and "pak123"..................passed
Then user check the QS Leap checkbox as yes.................................passed
Then user check the third party checkbox as yes.............................passed
And user press JoinUs button................................................passed
And close LG form...........................................................passed
And close the browser.......................................................passed
]]></system-out>
</testcase>
<testcase classname="TU Get In Touch Registration" name="TU Get In Touch Registration 7" time="71.846389">
<system-out><![CDATA[Given User Navigate to any profile..........................................passed
Then close agreepopup.......................................................passed
Then Click on getintouch CTA button as logged out...........................passed
Then user enter Firstname "amir"............................................passed
Then user enter Lastname "automation".......................................passed
Then user enter "getintouchsmoke17@gmail.com" and "pak123"..................passed
Then user check the QS Leap checkbox as yes.................................passed
Then user check the third party checkbox as yes.............................passed
And user press JoinUs button................................................passed
And close LG form...........................................................passed
And close the browser.......................................................passed
]]></system-out>
</testcase>
<testcase classname="TU Get In Touch Registration" name="TU Get In Touch Registration 8" time="69.86503">
<system-out><![CDATA[Given User Navigate to any profile..........................................passed
Then close agreepopup.......................................................passed
Then Click on getintouch CTA button as logged out...........................passed
Then user enter Firstname "amir"............................................passed
Then user enter Lastname "automation".......................................passed
Then user enter "getintouchsmoke18@gmail.com" and "pak123"..................passed
Then user check the QS Leap checkbox as yes.................................passed
Then user check the third party checkbox as yes.............................passed
And user press JoinUs button................................................passed
And close LG form...........................................................passed
And close the browser.......................................................passed
]]></system-out>
</testcase>
<testcase classname="TU Get In Touch Registration" name="TU Get In Touch Registration 9" time="70.419867">
<system-out><![CDATA[Given User Navigate to any profile..........................................passed
Then close agreepopup.......................................................passed
Then Click on getintouch CTA button as logged out...........................passed
Then user enter Firstname "amir"............................................passed
Then user enter Lastname "automation".......................................passed
Then user enter "getintouchsmoke19@gmail.com" and "pak123"..................passed
Then user check the QS Leap checkbox as yes.................................passed
Then user check the third party checkbox as yes.............................passed
And user press JoinUs button................................................passed
And close LG form...........................................................passed
And close the browser.......................................................passed
]]></system-out>
</testcase>
<testcase classname="TU Get In Touch Registration" name="TU Get In Touch Registration 10" time="70.091375">
<system-out><![CDATA[Given User Navigate to any profile..........................................passed
Then close agreepopup.......................................................passed
Then Click on getintouch CTA button as logged out...........................passed
Then user enter Firstname "amir"............................................passed
Then user enter Lastname "automation".......................................passed
Then user enter "getintouchsmoke11101@gmail.com" and "pak123"...............passed
Then user check the QS Leap checkbox as yes.................................passed
Then user check the third party checkbox as yes.............................passed
And user press JoinUs button................................................passed
And close LG form...........................................................passed
And close the browser.......................................................passed
]]></system-out>
</testcase>
</testsuite>
