<?xml version="1.0" encoding="UTF-8"?><testsuite failures="1" name="cucumber.runtime.formatter.JUnitFormatter" skipped="0" tests="10" time="823.87905">
<testcase classname="TU Get In Touch Registration" name="TU Get In Touch Registration" time="92.574864">
<system-out><![CDATA[Given User Navigate to any profile..........................................passed
Then close agreepopup.......................................................passed
Then Click on getintouch CTA button as logged out...........................passed
Then user enter Firstname "amir"............................................passed
Then user enter Lastname "automation".......................................passed
Then user enter "getintouch109@gmail.com" and "pak123"......................passed
Then user check the QS Leap checkbox as yes.................................passed
Then user check the third party checkbox as yes.............................passed
And user press JoinUs button................................................passed
And close the browser.......................................................passed
]]></system-out>
</testcase>
<testcase classname="TU Get In Touch Registration" name="TU Get In Touch Registration 2" time="87.210552">
<system-out><![CDATA[Given User Navigate to any profile..........................................passed
Then close agreepopup.......................................................passed
Then Click on getintouch CTA button as logged out...........................passed
Then user enter Firstname "amir"............................................passed
Then user enter Lastname "automation".......................................passed
Then user enter "getintouch91@gmail.com" and "pak123".......................passed
Then user check the QS Leap checkbox as yes.................................passed
Then user check the third party checkbox as yes.............................passed
And user press JoinUs button................................................passed
And close the browser.......................................................passed
]]></system-out>
</testcase>
<testcase classname="TU Get In Touch Registration" name="TU Get In Touch Registration 3" time="100.842185">
<system-out><![CDATA[Given User Navigate to any profile..........................................passed
Then close agreepopup.......................................................passed
Then Click on getintouch CTA button as logged out...........................passed
Then user enter Firstname "amir"............................................passed
Then user enter Lastname "automation".......................................passed
Then user enter "getintouch92@gmail.com" and "pak123".......................passed
Then user check the QS Leap checkbox as yes.................................passed
Then user check the third party checkbox as yes.............................passed
And user press JoinUs button................................................passed
And close the browser.......................................................passed
]]></system-out>
</testcase>
<testcase classname="TU Get In Touch Registration" name="TU Get In Touch Registration 4" time="80.957543">
<system-out><![CDATA[Given User Navigate to any profile..........................................passed
Then close agreepopup.......................................................passed
Then Click on getintouch CTA button as logged out...........................passed
Then user enter Firstname "amir"............................................passed
Then user enter Lastname "automation".......................................passed
Then user enter "getintouch93@gmail.com" and "pak123".......................passed
Then user check the QS Leap checkbox as yes.................................passed
Then user check the third party checkbox as yes.............................passed
And user press JoinUs button................................................passed
And close the browser.......................................................passed
]]></system-out>
</testcase>
<testcase classname="TU Get In Touch Registration" name="TU Get In Touch Registration 5" time="74.983511">
<system-out><![CDATA[Given User Navigate to any profile..........................................passed
Then close agreepopup.......................................................passed
Then Click on getintouch CTA button as logged out...........................passed
Then user enter Firstname "amir"............................................passed
Then user enter Lastname "automation".......................................passed
Then user enter "getintouch84@gmail.com" and "pak123".......................passed
Then user check the QS Leap checkbox as yes.................................passed
Then user check the third party checkbox as yes.............................passed
And user press JoinUs button................................................passed
And close the browser.......................................................passed
]]></system-out>
</testcase>
<testcase classname="TU Get In Touch Registration" name="TU Get In Touch Registration 6" time="77.934649">
<system-out><![CDATA[Given User Navigate to any profile..........................................passed
Then close agreepopup.......................................................passed
Then Click on getintouch CTA button as logged out...........................passed
Then user enter Firstname "amir"............................................passed
Then user enter Lastname "automation".......................................passed
Then user enter "getintouch94@gmail.com" and "pak123".......................passed
Then user check the QS Leap checkbox as yes.................................passed
Then user check the third party checkbox as yes.............................passed
And user press JoinUs button................................................passed
And close the browser.......................................................passed
]]></system-out>
</testcase>
<testcase classname="TU Get In Touch Registration" name="TU Get In Touch Registration 7" time="54.209941">
<failure message="org.openqa.selenium.NoSuchElementException: no such element: Unable to locate element: {&quot;method&quot;:&quot;xpath&quot;,&quot;selector&quot;:&quot;//*[@id=&quot;popup-buttons&quot;]/button&quot;}&#10;  (Session info: chrome=75.0.3770.100)&#10;  (Driver info: chromedriver=2.43.600210 (68dcf5eebde37173d4027fa8635e332711d2874a),platform=Windows NT 10.0.17763 x86_64) (WARNING: The server did not provide any stacktrace information)&#10;Command duration or timeout: 30.04 seconds&#10;For documentation on this error, please visit: http://seleniumhq.org/exceptions/no_such_element.html&#10;Build info: version: '2.43.1', revision: '5163bceef1bc36d43f3dc0b83c88998168a363a0', time: '2014-09-10 09:43:55'&#10;System info: host: 'AmirPC', ip: '192.168.8.115', os.name: 'Windows 10', os.arch: 'amd64', os.version: '10.0', java.version: '1.8.0_191'&#10;Driver info: org.openqa.selenium.chrome.ChromeDriver&#10;Capabilities [{mobileEmulationEnabled=false, hasTouchScreen=false, platform=XP, acceptSslCerts=false, goog:chromeOptions={debuggerAddress=localhost:64744}, acceptInsecureCerts=false, webStorageEnabled=true, browserName=chrome, takesScreenshot=true, javascriptEnabled=true, setWindowRect=true, unexpectedAlertBehaviour=, applicationCacheEnabled=false, rotatable=false, networkConnectionEnabled=false, chrome={chromedriverVersion=2.43.600210 (68dcf5eebde37173d4027fa8635e332711d2874a), userDataDir=C:\Users\Admin\AppData\Local\Temp\scoped_dir10452_23437}, takesHeapSnapshot=true, pageLoadStrategy=normal, databaseEnabled=false, handlesAlerts=true, version=75.0.3770.100, browserConnectionEnabled=false, nativeEvents=true, locationContextEnabled=true, cssSelectorsEnabled=true}]&#10;Session ID: 34281f21321c9f76837723d581e99c46&#13;&#10;&#9;at sun.reflect.NativeConstructorAccessorImpl.newInstance0(Native Method)&#13;&#10;&#9;at sun.reflect.NativeConstructorAccessorImpl.newInstance(Unknown Source)&#13;&#10;&#9;at sun.reflect.DelegatingConstructorAccessorImpl.newInstance(Unknown Source)&#13;&#10;&#9;at java.lang.reflect.Constructor.newInstance(Unknown Source)&#13;&#10;&#9;at org.openqa.selenium.remote.ErrorHandler.createThrowable(ErrorHandler.java:204)&#13;&#10;&#9;at org.openqa.selenium.remote.ErrorHandler.throwIfResponseFailed(ErrorHandler.java:156)&#13;&#10;&#9;at org.openqa.selenium.remote.RemoteWebDriver.execute(RemoteWebDriver.java:599)&#13;&#10;&#9;at org.openqa.selenium.remote.RemoteWebDriver.findElement(RemoteWebDriver.java:352)&#13;&#10;&#9;at org.openqa.selenium.remote.RemoteWebDriver.findElementByXPath(RemoteWebDriver.java:449)&#13;&#10;&#9;at org.openqa.selenium.By$ByXPath.findElement(By.java:357)&#13;&#10;&#9;at org.openqa.selenium.remote.RemoteWebDriver.findElement(RemoteWebDriver.java:344)&#13;&#10;&#9;at StepDefinition.GetInTouchDefinition.close_agreepopup(GetInTouchDefinition.java:55)&#13;&#10;&#9;at ✽.Then close agreepopup(src/test/java/Features/GetInTouch.feature:5)&#13;&#10;"><![CDATA[Given User Navigate to any profile..........................................passed
Then close agreepopup.......................................................failed
Then Click on getintouch CTA button as logged out...........................skipped
Then user enter Firstname "amir"............................................skipped
Then user enter Lastname "automation".......................................skipped
Then user enter "getintouch95@gmail.com" and "pak123".......................skipped
Then user check the QS Leap checkbox as yes.................................skipped
Then user check the third party checkbox as yes.............................skipped
And user press JoinUs button................................................skipped
And close the browser.......................................................skipped

StackTrace:
org.openqa.selenium.NoSuchElementException: no such element: Unable to locate element: {"method":"xpath","selector":"//*[@id="popup-buttons"]/button"}
  (Session info: chrome=75.0.3770.100)
  (Driver info: chromedriver=2.43.600210 (68dcf5eebde37173d4027fa8635e332711d2874a),platform=Windows NT 10.0.17763 x86_64) (WARNING: The server did not provide any stacktrace information)
Command duration or timeout: 30.04 seconds
For documentation on this error, please visit: http://seleniumhq.org/exceptions/no_such_element.html
Build info: version: '2.43.1', revision: '5163bceef1bc36d43f3dc0b83c88998168a363a0', time: '2014-09-10 09:43:55'
System info: host: 'AmirPC', ip: '192.168.8.115', os.name: 'Windows 10', os.arch: 'amd64', os.version: '10.0', java.version: '1.8.0_191'
Driver info: org.openqa.selenium.chrome.ChromeDriver
Capabilities [{mobileEmulationEnabled=false, hasTouchScreen=false, platform=XP, acceptSslCerts=false, goog:chromeOptions={debuggerAddress=localhost:64744}, acceptInsecureCerts=false, webStorageEnabled=true, browserName=chrome, takesScreenshot=true, javascriptEnabled=true, setWindowRect=true, unexpectedAlertBehaviour=, applicationCacheEnabled=false, rotatable=false, networkConnectionEnabled=false, chrome={chromedriverVersion=2.43.600210 (68dcf5eebde37173d4027fa8635e332711d2874a), userDataDir=C:\Users\Admin\AppData\Local\Temp\scoped_dir10452_23437}, takesHeapSnapshot=true, pageLoadStrategy=normal, databaseEnabled=false, handlesAlerts=true, version=75.0.3770.100, browserConnectionEnabled=false, nativeEvents=true, locationContextEnabled=true, cssSelectorsEnabled=true}]
Session ID: 34281f21321c9f76837723d581e99c46
	at sun.reflect.NativeConstructorAccessorImpl.newInstance0(Native Method)
	at sun.reflect.NativeConstructorAccessorImpl.newInstance(Unknown Source)
	at sun.reflect.DelegatingConstructorAccessorImpl.newInstance(Unknown Source)
	at java.lang.reflect.Constructor.newInstance(Unknown Source)
	at org.openqa.selenium.remote.ErrorHandler.createThrowable(ErrorHandler.java:204)
	at org.openqa.selenium.remote.ErrorHandler.throwIfResponseFailed(ErrorHandler.java:156)
	at org.openqa.selenium.remote.RemoteWebDriver.execute(RemoteWebDriver.java:599)
	at org.openqa.selenium.remote.RemoteWebDriver.findElement(RemoteWebDriver.java:352)
	at org.openqa.selenium.remote.RemoteWebDriver.findElementByXPath(RemoteWebDriver.java:449)
	at org.openqa.selenium.By$ByXPath.findElement(By.java:357)
	at org.openqa.selenium.remote.RemoteWebDriver.findElement(RemoteWebDriver.java:344)
	at StepDefinition.GetInTouchDefinition.close_agreepopup(GetInTouchDefinition.java:55)
	at ✽.Then close agreepopup(src/test/java/Features/GetInTouch.feature:5)
]]></failure>
</testcase>
<testcase classname="TU Get In Touch Registration" name="TU Get In Touch Registration 8" time="101.351424">
<system-out><![CDATA[Given User Navigate to any profile..........................................passed
Then close agreepopup.......................................................passed
Then Click on getintouch CTA button as logged out...........................passed
Then user enter Firstname "amir"............................................passed
Then user enter Lastname "automation".......................................passed
Then user enter "getintouch87@gmail.com" and "pak123".......................passed
Then user check the QS Leap checkbox as yes.................................passed
Then user check the third party checkbox as yes.............................passed
And user press JoinUs button................................................passed
And close the browser.......................................................passed
]]></system-out>
</testcase>
<testcase classname="TU Get In Touch Registration" name="TU Get In Touch Registration 9" time="78.247897">
<system-out><![CDATA[Given User Navigate to any profile..........................................passed
Then close agreepopup.......................................................passed
Then Click on getintouch CTA button as logged out...........................passed
Then user enter Firstname "amir"............................................passed
Then user enter Lastname "automation".......................................passed
Then user enter "getintouch97@gmail.com" and "pak123".......................passed
Then user check the QS Leap checkbox as yes.................................passed
Then user check the third party checkbox as yes.............................passed
And user press JoinUs button................................................passed
And close the browser.......................................................passed
]]></system-out>
</testcase>
<testcase classname="TU Get In Touch Registration" name="TU Get In Touch Registration 10" time="75.566484">
<system-out><![CDATA[Given User Navigate to any profile..........................................passed
Then close agreepopup.......................................................passed
Then Click on getintouch CTA button as logged out...........................passed
Then user enter Firstname "amir"............................................passed
Then user enter Lastname "automation".......................................passed
Then user enter "getintouch89@gmail.com" and "pak123".......................passed
Then user check the QS Leap checkbox as yes.................................passed
Then user check the third party checkbox as yes.............................passed
And user press JoinUs button................................................passed
And close the browser.......................................................passed
]]></system-out>
</testcase>
</testsuite>
